composeApp/build/intermediates/manifest_merge_blame_file/debug/processDebugMainManifest/manifest-merger-blame-debug-report.txt
1<?xml version="1.0" encoding="utf-8"?>
2<manifest xmlns:android="http://schemas.android.com/apk/res/android"
3    package="io.apptolast.paparcar"
4    android:versionCode="1"
5    android:versionName="1.0" >
6
7    <uses-sdk
8        android:minSdkVersion="26"
9        android:targetSdkVersion="36" />
10
11    <!-- Permisos de localización -->
12    <!-- ACCESS_BACKGROUND_LOCATION NO es necesario con ForegroundService -->
13    <uses-permission android:name="android.permission.ACCESS_FINE_LOCATION" />
13-->src\androidMain\AndroidManifest.xml:6:5-79
13-->src\androidMain\AndroidManifest.xml:6:22-76
14    <uses-permission android:name="android.permission.ACCESS_COARSE_LOCATION" />
14-->src\androidMain\AndroidManifest.xml:7:5-81
14-->src\androidMain\AndroidManifest.xml:7:22-78
15
16    <!-- Foreground Service -->
17    <uses-permission android:name="android.permission.FOREGROUND_SERVICE" />
17-->src\androidMain\AndroidManifest.xml:10:5-77
17-->src\androidMain\AndroidManifest.xml:10:22-74
18    <uses-permission android:name="android.permission.FOREGROUND_SERVICE_LOCATION" />
18-->src\androidMain\AndroidManifest.xml:11:5-86
18-->src\androidMain\AndroidManifest.xml:11:22-83
19    <uses-permission android:name="android.permission.FOREGROUND_SERVICE_DATA_SYNC" />
19-->src\androidMain\AndroidManifest.xml:12:5-87
19-->src\androidMain\AndroidManifest.xml:12:22-84
20
21    <!-- Activity Recognition -->
22    <uses-permission android:name="android.permission.ACTIVITY_RECOGNITION" />
22-->src\androidMain\AndroidManifest.xml:15:5-79
22-->src\androidMain\AndroidManifest.xml:15:22-76
23
24    <!-- Notificaciones (Android 13+) -->
25    <uses-permission android:name="android.permission.POST_NOTIFICATIONS" />
25-->src\androidMain\AndroidManifest.xml:18:5-77
25-->src\androidMain\AndroidManifest.xml:18:22-74
26
27    <!-- Internet -->
28    <uses-permission android:name="android.permission.INTERNET" />
28-->src\androidMain\AndroidManifest.xml:21:5-67
28-->src\androidMain\AndroidManifest.xml:21:22-64
29
30    <!-- Reinicio al arrancar dispositivo (para reactivar acelerómetro) -->
31    <uses-permission android:name="android.permission.RECEIVE_BOOT_COMPLETED" />
31-->src\androidMain\AndroidManifest.xml:24:5-81
31-->src\androidMain\AndroidManifest.xml:24:22-78
32    <uses-permission android:name="android.permission.ACCESS_NETWORK_STATE" />
32-->[com.google.firebase:firebase-auth:24.0.1] AndroidManifest.xml:26:5-79
32-->[com.google.firebase:firebase-auth:24.0.1] AndroidManifest.xml:26:22-76
33    <uses-permission android:name="android.permission.WAKE_LOCK" />
33-->[androidx.work:work-runtime:2.9.1] AndroidManifest.xml:23:5-68
33-->[androidx.work:work-runtime:2.9.1] AndroidManifest.xml:23:22-65
34
35    <permission
35-->[androidx.core:core:1.17.0] AndroidManifest.xml:22:5-24:47
36        android:name="io.apptolast.paparcar.DYNAMIC_RECEIVER_NOT_EXPORTED_PERMISSION"
36-->[androidx.core:core:1.17.0] AndroidManifest.xml:23:9-81
37        android:protectionLevel="signature" />
37-->[androidx.core:core:1.17.0] AndroidManifest.xml:24:9-44
38
39    <uses-permission android:name="io.apptolast.paparcar.DYNAMIC_RECEIVER_NOT_EXPORTED_PERMISSION" />
39-->[androidx.core:core:1.17.0] AndroidManifest.xml:26:5-97
39-->[androidx.core:core:1.17.0] AndroidManifest.xml:26:22-94
40    <uses-permission android:name="com.google.android.providers.gsf.permission.READ_GSERVICES" />
40-->[com.google.android.recaptcha:recaptcha:18.6.1] AndroidManifest.xml:9:5-98
40-->[com.google.android.recaptcha:recaptcha:18.6.1] AndroidManifest.xml:9:22-95
41
42    <application
42-->src\androidMain\AndroidManifest.xml:26:5-73:19
43        android:name="io.apptolast.paparcar.PaparcarApp"
43-->src\androidMain\AndroidManifest.xml:27:9-36
44        android:allowBackup="true"
44-->src\androidMain\AndroidManifest.xml:28:9-35
45        android:appComponentFactory="androidx.core.app.CoreComponentFactory"
45-->[androidx.core:core:1.17.0] AndroidManifest.xml:28:18-86
46        android:debuggable="true"
47        android:extractNativeLibs="false"
48        android:icon="@android:drawable/sym_def_app_icon"
48-->src\androidMain\AndroidManifest.xml:29:9-58
49        android:label="Paparcar"
49-->src\androidMain\AndroidManifest.xml:30:9-33
50        android:roundIcon="@android:drawable/sym_def_app_icon"
50-->src\androidMain\AndroidManifest.xml:31:9-63
51        android:supportsRtl="true"
51-->src\androidMain\AndroidManifest.xml:32:9-35
52        android:testOnly="true"
53        android:theme="@style/Theme.AppCompat.Light.NoActionBar" >
53-->src\androidMain\AndroidManifest.xml:33:9-65
54
55        <!-- Main Activity -->
56        <activity
56-->src\androidMain\AndroidManifest.xml:36:9-45:20
57            android:name="io.apptolast.paparcar.MainActivity"
57-->src\androidMain\AndroidManifest.xml:37:13-41
58            android:configChanges="orientation|screenSize|screenLayout|keyboardHidden"
58-->src\androidMain\AndroidManifest.xml:39:13-87
59            android:exported="true"
59-->src\androidMain\AndroidManifest.xml:38:13-36
60            android:windowSoftInputMode="adjustResize" >
60-->src\androidMain\AndroidManifest.xml:40:13-55
61            <intent-filter>
61-->src\androidMain\AndroidManifest.xml:41:13-44:29
62                <action android:name="android.intent.action.MAIN" />
62-->src\androidMain\AndroidManifest.xml:42:17-69
62-->src\androidMain\AndroidManifest.xml:42:25-66
63
64                <category android:name="android.intent.category.LAUNCHER" />
64-->src\androidMain\AndroidManifest.xml:43:17-77
64-->src\androidMain\AndroidManifest.xml:43:27-74
65            </intent-filter>
66        </activity>
67
68        <!-- SpotDetectionForegroundService -->
69        <service
69-->src\androidMain\AndroidManifest.xml:48:9-51:40
70            android:name="io.apptolast.paparcar.detection.SpotDetectionForegroundService"
70-->src\androidMain\AndroidManifest.xml:49:13-69
71            android:exported="false"
71-->src\androidMain\AndroidManifest.xml:51:13-37
72            android:foregroundServiceType="location" />
72-->src\androidMain\AndroidManifest.xml:50:13-53
73
74        <!-- SpotUploadForegroundService -->
75        <service
75-->src\androidMain\AndroidManifest.xml:54:9-57:40
76            android:name="io.apptolast.paparcar.detection.SpotUploadForegroundService"
76-->src\androidMain\AndroidManifest.xml:55:13-66
77            android:exported="false"
77-->src\androidMain\AndroidManifest.xml:57:13-37
78            android:foregroundServiceType="dataSync" />
78-->src\androidMain\AndroidManifest.xml:56:13-53
79
80        <!-- ActivityTransitionReceiver -->
81        <receiver
81-->src\androidMain\AndroidManifest.xml:60:9-62:40
82            android:name="io.apptolast.paparcar.detection.ActivityTransitionReceiver"
82-->src\androidMain\AndroidManifest.xml:61:13-65
83            android:exported="false" />
83-->src\androidMain\AndroidManifest.xml:62:13-37
84
85        <!-- BootCompletedReceiver -->
86        <receiver
86-->src\androidMain\AndroidManifest.xml:65:9-71:20
87            android:name="io.apptolast.paparcar.detection.BootCompletedReceiver"
87-->src\androidMain\AndroidManifest.xml:66:13-60
88            android:exported="false" >
88-->src\androidMain\AndroidManifest.xml:67:13-37
89            <intent-filter>
89-->src\androidMain\AndroidManifest.xml:68:13-70:29
90                <action android:name="android.intent.action.BOOT_COMPLETED" />
90-->src\androidMain\AndroidManifest.xml:69:17-79
90-->src\androidMain\AndroidManifest.xml:69:25-76
91            </intent-filter>
92        </receiver>
93
94        <activity
94-->[com.google.firebase:firebase-auth:24.0.1] AndroidManifest.xml:29:9-46:20
95            android:name="com.google.firebase.auth.internal.GenericIdpActivity"
95-->[com.google.firebase:firebase-auth:24.0.1] AndroidManifest.xml:30:13-80
96            android:excludeFromRecents="true"
96-->[com.google.firebase:firebase-auth:24.0.1] AndroidManifest.xml:31:13-46
97            android:exported="true"
97-->[com.google.firebase:firebase-auth:24.0.1] AndroidManifest.xml:32:13-36
98            android:launchMode="singleTask"
98-->[com.google.firebase:firebase-auth:24.0.1] AndroidManifest.xml:33:13-44
99            android:theme="@android:style/Theme.Translucent.NoTitleBar" >
99-->[com.google.firebase:firebase-auth:24.0.1] AndroidManifest.xml:34:13-72
100            <intent-filter>
100-->[com.google.firebase:firebase-auth:24.0.1] AndroidManifest.xml:35:13-45:29
101                <action android:name="android.intent.action.VIEW" />
101-->[com.google.firebase:firebase-auth:24.0.1] AndroidManifest.xml:36:17-69
101-->[com.google.firebase:firebase-auth:24.0.1] AndroidManifest.xml:36:25-66
102
103                <category android:name="android.intent.category.DEFAULT" />
103-->[com.google.firebase:firebase-auth:24.0.1] AndroidManifest.xml:38:17-76
103-->[com.google.firebase:firebase-auth:24.0.1] AndroidManifest.xml:38:27-73
104                <category android:name="android.intent.category.BROWSABLE" />
104-->[com.google.firebase:firebase-auth:24.0.1] AndroidManifest.xml:39:17-78
104-->[com.google.firebase:firebase-auth:24.0.1] AndroidManifest.xml:39:27-75
105
106                <data
106-->[com.google.firebase:firebase-auth:24.0.1] AndroidManifest.xml:41:17-44:51
107                    android:host="firebase.auth"
107-->[com.google.firebase:firebase-auth:24.0.1] AndroidManifest.xml:42:21-49
108                    android:path="/"
108-->[com.google.firebase:firebase-auth:24.0.1] AndroidManifest.xml:43:21-37
109                    android:scheme="genericidp" />
109-->[com.google.firebase:firebase-auth:24.0.1] AndroidManifest.xml:44:21-48
110            </intent-filter>
111        </activity>
112        <activity
112-->[com.google.firebase:firebase-auth:24.0.1] AndroidManifest.xml:47:9-64:20
113            android:name="com.google.firebase.auth.internal.RecaptchaActivity"
113-->[com.google.firebase:firebase-auth:24.0.1] AndroidManifest.xml:48:13-79
114            android:excludeFromRecents="true"
114-->[com.google.firebase:firebase-auth:24.0.1] AndroidManifest.xml:49:13-46
115            android:exported="true"
115-->[com.google.firebase:firebase-auth:24.0.1] AndroidManifest.xml:50:13-36
116            android:launchMode="singleTask"
116-->[com.google.firebase:firebase-auth:24.0.1] AndroidManifest.xml:51:13-44
117            android:theme="@android:style/Theme.Translucent.NoTitleBar" >
117-->[com.google.firebase:firebase-auth:24.0.1] AndroidManifest.xml:52:13-72
118            <intent-filter>
118-->[com.google.firebase:firebase-auth:24.0.1] AndroidManifest.xml:53:13-63:29
119                <action android:name="android.intent.action.VIEW" />
119-->[com.google.firebase:firebase-auth:24.0.1] AndroidManifest.xml:36:17-69
119-->[com.google.firebase:firebase-auth:24.0.1] AndroidManifest.xml:36:25-66
120
121                <category android:name="android.intent.category.DEFAULT" />
121-->[com.google.firebase:firebase-auth:24.0.1] AndroidManifest.xml:38:17-76
121-->[com.google.firebase:firebase-auth:24.0.1] AndroidManifest.xml:38:27-73
122                <category android:name="android.intent.category.BROWSABLE" />
122-->[com.google.firebase:firebase-auth:24.0.1] AndroidManifest.xml:39:17-78
122-->[com.google.firebase:firebase-auth:24.0.1] AndroidManifest.xml:39:27-75
123
124                <data
124-->[com.google.firebase:firebase-auth:24.0.1] AndroidManifest.xml:41:17-44:51
125                    android:host="firebase.auth"
125-->[com.google.firebase:firebase-auth:24.0.1] AndroidManifest.xml:42:21-49
126                    android:path="/"
126-->[com.google.firebase:firebase-auth:24.0.1] AndroidManifest.xml:43:21-37
127                    android:scheme="recaptcha" />
127-->[com.google.firebase:firebase-auth:24.0.1] AndroidManifest.xml:44:21-48
128            </intent-filter>
129        </activity>
130
131        <service
131-->[com.google.firebase:firebase-auth:24.0.1] AndroidManifest.xml:66:9-72:19
132            android:name="com.google.firebase.components.ComponentDiscoveryService"
132-->[com.google.firebase:firebase-auth:24.0.1] AndroidManifest.xml:67:13-84
133            android:directBootAware="true"
133-->[com.google.firebase:firebase-common:22.0.1] AndroidManifest.xml:32:13-43
134            android:exported="false" >
134-->[com.google.firebase:firebase-auth:24.0.1] AndroidManifest.xml:68:13-37
135            <meta-data
135-->[com.google.firebase:firebase-auth:24.0.1] AndroidManifest.xml:69:13-71:85
136                android:name="com.google.firebase.components:com.google.firebase.auth.FirebaseAuthRegistrar"
136-->[com.google.firebase:firebase-auth:24.0.1] AndroidManifest.xml:70:17-109
137                android:value="com.google.firebase.components.ComponentRegistrar" />
137-->[com.google.firebase:firebase-auth:24.0.1] AndroidManifest.xml:71:17-82
138            <meta-data
138-->[com.google.firebase:firebase-database:22.0.1] AndroidManifest.xml:29:13-31:85
139                android:name="com.google.firebase.components:com.google.firebase.database.FirebaseDatabaseKtxRegistrar"
139-->[com.google.firebase:firebase-database:22.0.1] AndroidManifest.xml:30:17-120
140                android:value="com.google.firebase.components.ComponentRegistrar" />
140-->[com.google.firebase:firebase-database:22.0.1] AndroidManifest.xml:31:17-82
141            <meta-data
141-->[com.google.firebase:firebase-database:22.0.1] AndroidManifest.xml:32:13-34:85
142                android:name="com.google.firebase.components:com.google.firebase.database.DatabaseRegistrar"
142-->[com.google.firebase:firebase-database:22.0.1] AndroidManifest.xml:33:17-109
143                android:value="com.google.firebase.components.ComponentRegistrar" />
143-->[com.google.firebase:firebase-database:22.0.1] AndroidManifest.xml:34:17-82
144            <meta-data
144-->[com.google.firebase:firebase-firestore:26.1.0] AndroidManifest.xml:17:13-19:85
145                android:name="com.google.firebase.components:com.google.firebase.firestore.FirebaseFirestoreKtxRegistrar"
145-->[com.google.firebase:firebase-firestore:26.1.0] AndroidManifest.xml:18:17-122
146                android:value="com.google.firebase.components.ComponentRegistrar" />
146-->[com.google.firebase:firebase-firestore:26.1.0] AndroidManifest.xml:19:17-82
147            <meta-data
147-->[com.google.firebase:firebase-firestore:26.1.0] AndroidManifest.xml:20:13-22:85
148                android:name="com.google.firebase.components:com.google.firebase.firestore.FirestoreRegistrar"
148-->[com.google.firebase:firebase-firestore:26.1.0] AndroidManifest.xml:21:17-111
149                android:value="com.google.firebase.components.ComponentRegistrar" />
149-->[com.google.firebase:firebase-firestore:26.1.0] AndroidManifest.xml:22:17-82
150            <meta-data
150-->[com.google.firebase:firebase-common:22.0.1] AndroidManifest.xml:35:13-37:85
151                android:name="com.google.firebase.components:com.google.firebase.FirebaseCommonKtxRegistrar"
151-->[com.google.firebase:firebase-common:22.0.1] AndroidManifest.xml:36:17-109
152                android:value="com.google.firebase.components.ComponentRegistrar" />
152-->[com.google.firebase:firebase-common:22.0.1] AndroidManifest.xml:37:17-82
153        </service>
154        <service
154-->[androidx.credentials:credentials-play-services-auth:1.2.0-rc01] AndroidManifest.xml:24:9-32:19
155            android:name="androidx.credentials.playservices.CredentialProviderMetadataHolder"
155-->[androidx.credentials:credentials-play-services-auth:1.2.0-rc01] AndroidManifest.xml:25:13-94
156            android:enabled="true"
156-->[androidx.credentials:credentials-play-services-auth:1.2.0-rc01] AndroidManifest.xml:26:13-35
157            android:exported="false" >
157-->[androidx.credentials:credentials-play-services-auth:1.2.0-rc01] AndroidManifest.xml:27:13-37
158            <meta-data
158-->[androidx.credentials:credentials-play-services-auth:1.2.0-rc01] AndroidManifest.xml:29:13-31:104
159                android:name="androidx.credentials.CREDENTIAL_PROVIDER_KEY"
159-->[androidx.credentials:credentials-play-services-auth:1.2.0-rc01] AndroidManifest.xml:30:17-76
160                android:value="androidx.credentials.playservices.CredentialProviderPlayServicesImpl" />
160-->[androidx.credentials:credentials-play-services-auth:1.2.0-rc01] AndroidManifest.xml:31:17-101
161        </service>
162
163        <activity
163-->[androidx.credentials:credentials-play-services-auth:1.2.0-rc01] AndroidManifest.xml:34:9-41:20
164            android:name="androidx.credentials.playservices.HiddenActivity"
164-->[androidx.credentials:credentials-play-services-auth:1.2.0-rc01] AndroidManifest.xml:35:13-76
165            android:configChanges="orientation|screenSize|screenLayout|keyboardHidden"
165-->[androidx.credentials:credentials-play-services-auth:1.2.0-rc01] AndroidManifest.xml:36:13-87
166            android:enabled="true"
166-->[androidx.credentials:credentials-play-services-auth:1.2.0-rc01] AndroidManifest.xml:37:13-35
167            android:exported="false"
167-->[androidx.credentials:credentials-play-services-auth:1.2.0-rc01] AndroidManifest.xml:38:13-37
168            android:fitsSystemWindows="true"
168-->[androidx.credentials:credentials-play-services-auth:1.2.0-rc01] AndroidManifest.xml:39:13-45
169            android:theme="@style/Theme.Hidden" >
169-->[androidx.credentials:credentials-play-services-auth:1.2.0-rc01] AndroidManifest.xml:40:13-48
170        </activity>
171        <activity
171-->[com.google.android.gms:play-services-auth:20.7.0] AndroidManifest.xml:23:9-27:75
172            android:name="com.google.android.gms.auth.api.signin.internal.SignInHubActivity"
172-->[com.google.android.gms:play-services-auth:20.7.0] AndroidManifest.xml:24:13-93
173            android:excludeFromRecents="true"
173-->[com.google.android.gms:play-services-auth:20.7.0] AndroidManifest.xml:25:13-46
174            android:exported="false"
174-->[com.google.android.gms:play-services-auth:20.7.0] AndroidManifest.xml:26:13-37
175            android:theme="@android:style/Theme.Translucent.NoTitleBar" />
175-->[com.google.android.gms:play-services-auth:20.7.0] AndroidManifest.xml:27:13-72
176        <!--
177            Service handling Google Sign-In user revocation. For apps that do not integrate with
178            Google Sign-In, this service will never be started.
179        -->
180        <service
180-->[com.google.android.gms:play-services-auth:20.7.0] AndroidManifest.xml:33:9-37:51
181            android:name="com.google.android.gms.auth.api.signin.RevocationBoundService"
181-->[com.google.android.gms:play-services-auth:20.7.0] AndroidManifest.xml:34:13-89
182            android:exported="true"
182-->[com.google.android.gms:play-services-auth:20.7.0] AndroidManifest.xml:35:13-36
183            android:permission="com.google.android.gms.auth.api.signin.permission.REVOCATION_NOTIFICATION"
183-->[com.google.android.gms:play-services-auth:20.7.0] AndroidManifest.xml:36:13-107
184            android:visibleToInstantApps="true" />
184-->[com.google.android.gms:play-services-auth:20.7.0] AndroidManifest.xml:37:13-48
185
186        <activity
186-->[com.google.android.gms:play-services-base:18.9.0] AndroidManifest.xml:20:9-22:45
187            android:name="com.google.android.gms.common.api.GoogleApiActivity"
187-->[com.google.android.gms:play-services-base:18.9.0] AndroidManifest.xml:20:19-85
188            android:exported="false"
188-->[com.google.android.gms:play-services-base:18.9.0] AndroidManifest.xml:22:19-43
189            android:theme="@android:style/Theme.Translucent.NoTitleBar" />
189-->[com.google.android.gms:play-services-base:18.9.0] AndroidManifest.xml:21:19-78
190
191        <provider
191-->[com.google.firebase:firebase-common:22.0.1] AndroidManifest.xml:23:9-28:39
192            android:name="com.google.firebase.provider.FirebaseInitProvider"
192-->[com.google.firebase:firebase-common:22.0.1] AndroidManifest.xml:24:13-77
193            android:authorities="io.apptolast.paparcar.firebaseinitprovider"
193-->[com.google.firebase:firebase-common:22.0.1] AndroidManifest.xml:25:13-72
194            android:directBootAware="true"
194-->[com.google.firebase:firebase-common:22.0.1] AndroidManifest.xml:26:13-43
195            android:exported="false"
195-->[com.google.firebase:firebase-common:22.0.1] AndroidManifest.xml:27:13-37
196            android:initOrder="100" />
196-->[com.google.firebase:firebase-common:22.0.1] AndroidManifest.xml:28:13-36
197        <provider
197-->[org.jetbrains.compose.components:components-resources-android:1.8.0] AndroidManifest.xml:8:9-13:20
198            android:name="org.jetbrains.compose.resources.AndroidContextProvider"
198-->[org.jetbrains.compose.components:components-resources-android:1.8.0] AndroidManifest.xml:9:13-82
199            android:authorities="io.apptolast.paparcar.resources.AndroidContextProvider"
199-->[org.jetbrains.compose.components:components-resources-android:1.8.0] AndroidManifest.xml:10:13-84
200            android:enabled="true"
200-->[org.jetbrains.compose.components:components-resources-android:1.8.0] AndroidManifest.xml:11:13-35
201            android:exported="false" >
201-->[org.jetbrains.compose.components:components-resources-android:1.8.0] AndroidManifest.xml:12:13-37
202        </provider>
203        <provider
203-->[androidx.work:work-runtime:2.9.1] AndroidManifest.xml:29:9-37:20
204            android:name="androidx.startup.InitializationProvider"
204-->[androidx.work:work-runtime:2.9.1] AndroidManifest.xml:30:13-67
205            android:authorities="io.apptolast.paparcar.androidx-startup"
205-->[androidx.work:work-runtime:2.9.1] AndroidManifest.xml:31:13-68
206            android:exported="false" >
206-->[androidx.work:work-runtime:2.9.1] AndroidManifest.xml:32:13-37
207            <meta-data
207-->[androidx.work:work-runtime:2.9.1] AndroidManifest.xml:34:13-36:52
208                android:name="androidx.work.WorkManagerInitializer"
208-->[androidx.work:work-runtime:2.9.1] AndroidManifest.xml:35:17-68
209                android:value="androidx.startup" />
209-->[androidx.work:work-runtime:2.9.1] AndroidManifest.xml:36:17-49
210            <meta-data
210-->[androidx.emoji2:emoji2:1.4.0] AndroidManifest.xml:29:13-31:52
211                android:name="androidx.emoji2.text.EmojiCompatInitializer"
211-->[androidx.emoji2:emoji2:1.4.0] AndroidManifest.xml:30:17-75
212                android:value="androidx.startup" />
212-->[androidx.emoji2:emoji2:1.4.0] AndroidManifest.xml:31:17-49
213            <meta-data
213-->[androidx.lifecycle:lifecycle-process:2.9.4] AndroidManifest.xml:29:13-31:52
214                android:name="androidx.lifecycle.ProcessLifecycleInitializer"
214-->[androidx.lifecycle:lifecycle-process:2.9.4] AndroidManifest.xml:30:17-78
215                android:value="androidx.startup" />
215-->[androidx.lifecycle:lifecycle-process:2.9.4] AndroidManifest.xml:31:17-49
216            <meta-data
216-->[androidx.profileinstaller:profileinstaller:1.4.0] AndroidManifest.xml:29:13-31:52
217                android:name="androidx.profileinstaller.ProfileInstallerInitializer"
217-->[androidx.profileinstaller:profileinstaller:1.4.0] AndroidManifest.xml:30:17-85
218                android:value="androidx.startup" />
218-->[androidx.profileinstaller:profileinstaller:1.4.0] AndroidManifest.xml:31:17-49
219        </provider>
220
221        <service
221-->[androidx.work:work-runtime:2.9.1] AndroidManifest.xml:39:9-45:35
222            android:name="androidx.work.impl.background.systemalarm.SystemAlarmService"
222-->[androidx.work:work-runtime:2.9.1] AndroidManifest.xml:40:13-88
223            android:directBootAware="false"
223-->[androidx.work:work-runtime:2.9.1] AndroidManifest.xml:41:13-44
224            android:enabled="@bool/enable_system_alarm_service_default"
224-->[androidx.work:work-runtime:2.9.1] AndroidManifest.xml:42:13-72
225            android:exported="false" />
225-->[androidx.work:work-runtime:2.9.1] AndroidManifest.xml:43:13-37
226        <service
226-->[androidx.work:work-runtime:2.9.1] AndroidManifest.xml:46:9-52:35
227            android:name="androidx.work.impl.background.systemjob.SystemJobService"
227-->[androidx.work:work-runtime:2.9.1] AndroidManifest.xml:47:13-84
228            android:directBootAware="false"
228-->[androidx.work:work-runtime:2.9.1] AndroidManifest.xml:48:13-44
229            android:enabled="@bool/enable_system_job_service_default"
229-->[androidx.work:work-runtime:2.9.1] AndroidManifest.xml:49:13-70
230            android:exported="true"
230-->[androidx.work:work-runtime:2.9.1] AndroidManifest.xml:50:13-36
231            android:permission="android.permission.BIND_JOB_SERVICE" />
231-->[androidx.work:work-runtime:2.9.1] AndroidManifest.xml:51:13-69
232        <service
232-->[androidx.work:work-runtime:2.9.1] AndroidManifest.xml:53:9-59:35
233            android:name="androidx.work.impl.foreground.SystemForegroundService"
233-->[androidx.work:work-runtime:2.9.1] AndroidManifest.xml:54:13-81
234            android:directBootAware="false"
234-->[androidx.work:work-runtime:2.9.1] AndroidManifest.xml:55:13-44
235            android:enabled="@bool/enable_system_foreground_service_default"
235-->[androidx.work:work-runtime:2.9.1] AndroidManifest.xml:56:13-77
236            android:exported="false" />
236-->[androidx.work:work-runtime:2.9.1] AndroidManifest.xml:57:13-37
237
238        <receiver
238-->[androidx.work:work-runtime:2.9.1] AndroidManifest.xml:61:9-66:35
239            android:name="androidx.work.impl.utils.ForceStopRunnable$BroadcastReceiver"
239-->[androidx.work:work-runtime:2.9.1] AndroidManifest.xml:62:13-88
240            android:directBootAware="false"
240-->[androidx.work:work-runtime:2.9.1] AndroidManifest.xml:63:13-44
241            android:enabled="true"
241-->[androidx.work:work-runtime:2.9.1] AndroidManifest.xml:64:13-35
242            android:exported="false" />
242-->[androidx.work:work-runtime:2.9.1] AndroidManifest.xml:65:13-37
243        <receiver
243-->[androidx.work:work-runtime:2.9.1] AndroidManifest.xml:67:9-77:20
244            android:name="androidx.work.impl.background.systemalarm.ConstraintProxy$BatteryChargingProxy"
244-->[androidx.work:work-runtime:2.9.1] AndroidManifest.xml:68:13-106
245            android:directBootAware="false"
245-->[androidx.work:work-runtime:2.9.1] AndroidManifest.xml:69:13-44
246            android:enabled="false"
246-->[androidx.work:work-runtime:2.9.1] AndroidManifest.xml:70:13-36
247            android:exported="false" >
247-->[androidx.work:work-runtime:2.9.1] AndroidManifest.xml:71:13-37
248            <intent-filter>
248-->[androidx.work:work-runtime:2.9.1] AndroidManifest.xml:73:13-76:29
249                <action android:name="android.intent.action.ACTION_POWER_CONNECTED" />
249-->[androidx.work:work-runtime:2.9.1] AndroidManifest.xml:74:17-87
249-->[androidx.work:work-runtime:2.9.1] AndroidManifest.xml:74:25-84
250                <action android:name="android.intent.action.ACTION_POWER_DISCONNECTED" />
250-->[androidx.work:work-runtime:2.9.1] AndroidManifest.xml:75:17-90
250-->[androidx.work:work-runtime:2.9.1] AndroidManifest.xml:75:25-87
251            </intent-filter>
252        </receiver>
253        <receiver
253-->[androidx.work:work-runtime:2.9.1] AndroidManifest.xml:78:9-88:20
254            android:name="androidx.work.impl.background.systemalarm.ConstraintProxy$BatteryNotLowProxy"
254-->[androidx.work:work-runtime:2.9.1] AndroidManifest.xml:79:13-104
255            android:directBootAware="false"
255-->[androidx.work:work-runtime:2.9.1] AndroidManifest.xml:80:13-44
256            android:enabled="false"
256-->[androidx.work:work-runtime:2.9.1] AndroidManifest.xml:81:13-36
257            android:exported="false" >
257-->[androidx.work:work-runtime:2.9.1] AndroidManifest.xml:82:13-37
258            <intent-filter>
258-->[androidx.work:work-runtime:2.9.1] AndroidManifest.xml:84:13-87:29
259                <action android:name="android.intent.action.BATTERY_OKAY" />
259-->[androidx.work:work-runtime:2.9.1] AndroidManifest.xml:85:17-77
259-->[androidx.work:work-runtime:2.9.1] AndroidManifest.xml:85:25-74
260                <action android:name="android.intent.action.BATTERY_LOW" />
260-->[androidx.work:work-runtime:2.9.1] AndroidManifest.xml:86:17-76
260-->[androidx.work:work-runtime:2.9.1] AndroidManifest.xml:86:25-73
261            </intent-filter>
262        </receiver>
263        <receiver
263-->[androidx.work:work-runtime:2.9.1] AndroidManifest.xml:89:9-99:20
264            android:name="androidx.work.impl.background.systemalarm.ConstraintProxy$StorageNotLowProxy"
264-->[androidx.work:work-runtime:2.9.1] AndroidManifest.xml:90:13-104
265            android:directBootAware="false"
265-->[androidx.work:work-runtime:2.9.1] AndroidManifest.xml:91:13-44
266            android:enabled="false"
266-->[androidx.work:work-runtime:2.9.1] AndroidManifest.xml:92:13-36
267            android:exported="false" >
267-->[androidx.work:work-runtime:2.9.1] AndroidManifest.xml:93:13-37
268            <intent-filter>
268-->[androidx.work:work-runtime:2.9.1] AndroidManifest.xml:95:13-98:29
269                <action android:name="android.intent.action.DEVICE_STORAGE_LOW" />
269-->[androidx.work:work-runtime:2.9.1] AndroidManifest.xml:96:17-83
269-->[androidx.work:work-runtime:2.9.1] AndroidManifest.xml:96:25-80
270                <action android:name="android.intent.action.DEVICE_STORAGE_OK" />
270-->[androidx.work:work-runtime:2.9.1] AndroidManifest.xml:97:17-82
270-->[androidx.work:work-runtime:2.9.1] AndroidManifest.xml:97:25-79
271            </intent-filter>
272        </receiver>
273        <receiver
273-->[androidx.work:work-runtime:2.9.1] AndroidManifest.xml:100:9-109:20
274            android:name="androidx.work.impl.background.systemalarm.ConstraintProxy$NetworkStateProxy"
274-->[androidx.work:work-runtime:2.9.1] AndroidManifest.xml:101:13-103